Hospital/app/build/intermediates/manifest_merge_blame_file/debug/manifest-merger-blame-debug-report.txt
1<?xml version="1.0" encoding="utf-8"?>
2<manifest xmlns:android="http://schemas.android.com/apk/res/android"
3    package="com.example.hospital"
4    android:versionCode="1"
5    android:versionName="1.0" >
6
7    <uses-sdk
8        android:minSdkVersion="16"
8-->src\main\AndroidManifest.xml
9        android:targetSdkVersion="29" />
9-->src\main\AndroidManifest.xml
10
11    <uses-permission android:name="android.permission.INTERNET" />
11-->src\main\AndroidManifest.xml:4:5-66
11-->src\main\AndroidManifest.xml:4:22-64
12    <uses-permission android:name="android.permission.READ_EXTERNAL_STORAGE" />
12-->src\main\AndroidManifest.xml:5:5-79
12-->src\main\AndroidManifest.xml:5:22-77
13    <uses-permission android:name="android.permission.ACCESS_NETWORK_STATE" />
13-->[com.firebaseui:firebase-ui-auth:6.2.0] AndroidManifest.xml:12:5-79
13-->[com.firebaseui:firebase-ui-auth:6.2.0] AndroidManifest.xml:12:22-76
14
15    <application
15-->src\main\AndroidManifest.xml:7:5-75:19
16        android:allowBackup="true"
16-->src\main\AndroidManifest.xml:8:9-35
17        android:appComponentFactory="androidx.core.app.CoreComponentFactory"
17-->[androidx.core:core:1.1.0] AndroidManifest.xml:24:18-86
18        android:debuggable="true"
19        android:icon="@mipmap/ic_launcher"
19-->src\main\AndroidManifest.xml:9:9-43
20        android:label="@string/app_name"
20-->src\main\AndroidManifest.xml:10:9-41
21        android:roundIcon="@mipmap/ic_launcher_round"
21-->src\main\AndroidManifest.xml:11:9-54
22        android:supportsRtl="true"
22-->src\main\AndroidManifest.xml:12:9-35
23        android:theme="@style/AppTheme" >
23-->src\main\AndroidManifest.xml:13:9-40
24        <activity android:name="com.example.hospital.WelcomePage" >
24-->src\main\AndroidManifest.xml:14:9-20:20
24-->src\main\AndroidManifest.xml:14:19-46
25            <intent-filter>
25-->src\main\AndroidManifest.xml:15:13-19:29
26                <action android:name="android.intent.action.MAIN" />
26-->src\main\AndroidManifest.xml:16:17-69
26-->src\main\AndroidManifest.xml:16:25-66
27
28                <category android:name="android.intent.category.LAUNCHER" />
28-->src\main\AndroidManifest.xml:18:17-77
28-->src\main\AndroidManifest.xml:18:27-74
29            </intent-filter>
30        </activity>
31        <activity android:name="com.example.hospital.CloseSlot" />
31-->src\main\AndroidManifest.xml:21:9-47
31-->src\main\AndroidManifest.xml:21:19-44
32        <activity android:name="com.example.hospital.PatientDetails" />
32-->src\main\AndroidManifest.xml:22:9-52
32-->src\main\AndroidManifest.xml:22:19-49
33        <activity android:name="com.example.hospital.ViewPatients" />
33-->src\main\AndroidManifest.xml:23:9-50
33-->src\main\AndroidManifest.xml:23:19-47
34        <activity android:name="com.example.hospital.CreateSlot" />
34-->src\main\AndroidManifest.xml:24:9-48
34-->src\main\AndroidManifest.xml:24:19-45
35        <activity android:name="com.example.hospital.UpdateInfo" />
35-->src\main\AndroidManifest.xml:25:9-48
35-->src\main\AndroidManifest.xml:25:19-45
36        <activity
36-->src\main\AndroidManifest.xml:26:9-34:20
37            android:name="com.example.hospital.Prescription"
37-->src\main\AndroidManifest.xml:27:13-41
38            android:parentActivityName="com.example.hospital.Drawer" >
38-->src\main\AndroidManifest.xml:28:13-49
39
40            <!-- The meta-data tag is required if you support API level 15 and lower -->
41            <meta-data
41-->src\main\AndroidManifest.xml:31:13-33:43
42                android:name="android.support.PARENT_ACTIVITY"
42-->src\main\AndroidManifest.xml:32:17-63
43                android:value=".Drawer" />
43-->src\main\AndroidManifest.xml:33:17-40
44        </activity>
45        <activity android:name="com.example.hospital.Drawer" />
45-->src\main\AndroidManifest.xml:35:9-44
45-->src\main\AndroidManifest.xml:35:19-41
46        <activity
46-->src\main\AndroidManifest.xml:36:9-44:20
47            android:name="com.example.hospital.SignUp"
47-->src\main\AndroidManifest.xml:37:13-35
48            android:parentActivityName="com.example.hospital.StartPage" >
48-->src\main\AndroidManifest.xml:38:13-52
49
50            <!-- The meta-data tag is required if you support API level 15 and lower -->
51            <meta-data
51-->src\main\AndroidManifest.xml:31:13-33:43
52                android:name="android.support.PARENT_ACTIVITY"
52-->src\main\AndroidManifest.xml:32:17-63
53                android:value=".StartPage" />
53-->src\main\AndroidManifest.xml:33:17-40
54        </activity>
55        <activity android:name="com.example.hospital.StartPage" >
55-->src\main\AndroidManifest.xml:45:9-47:20
55-->src\main\AndroidManifest.xml:45:19-44
56        </activity>
57        <activity
57-->src\main\AndroidManifest.xml:48:9-56:20
58            android:name="com.example.hospital.LoginPage"
58-->src\main\AndroidManifest.xml:49:13-38
59            android:parentActivityName="com.example.hospital.StartPage" >
59-->src\main\AndroidManifest.xml:50:13-52
60
61            <!-- The meta-data tag is required if you support API level 15 and lower -->
62            <meta-data
62-->src\main\AndroidManifest.xml:31:13-33:43
63                android:name="android.support.PARENT_ACTIVITY"
63-->src\main\AndroidManifest.xml:32:17-63
64                android:value=".StartPage" />
64-->src\main\AndroidManifest.xml:33:17-40
65        </activity>
66        <activity
66-->src\main\AndroidManifest.xml:57:9-65:20
67            android:name="com.example.hospital.TypeSelection"
67-->src\main\AndroidManifest.xml:58:13-42
68            android:parentActivityName="com.example.hospital.LoginPage" >
68-->src\main\AndroidManifest.xml:59:13-52
69
70            <!-- The meta-data tag is required if you support API level 15 and lower -->
71            <meta-data
71-->src\main\AndroidManifest.xml:31:13-33:43
72                android:name="android.support.PARENT_ACTIVITY"
72-->src\main\AndroidManifest.xml:32:17-63
73                android:value=".LoginPage" />
73-->src\main\AndroidManifest.xml:33:17-40
74        </activity>
75        <activity
75-->src\main\AndroidManifest.xml:66:9-74:20
76            android:name="com.example.hospital.DoctorRegister"
76-->src\main\AndroidManifest.xml:67:13-43
77            android:parentActivityName="com.example.hospital.StartPage" >
77-->src\main\AndroidManifest.xml:68:13-52
78
79            <!-- The meta-data tag is required if you support API level 15 and lower -->
80            <meta-data
80-->src\main\AndroidManifest.xml:31:13-33:43
81                android:name="android.support.PARENT_ACTIVITY"
81-->src\main\AndroidManifest.xml:32:17-63
82                android:value=".StartPage" />
82-->src\main\AndroidManifest.xml:33:17-40
83        </activity>
84
85        <meta-data
85-->[com.firebaseui:firebase-ui-auth:6.2.0] AndroidManifest.xml:16:9-18:69
86            android:name="com.google.android.gms.version"
86-->[com.firebaseui:firebase-ui-auth:6.2.0] AndroidManifest.xml:17:13-58
87            android:value="@integer/google_play_services_version" />
87-->[com.firebaseui:firebase-ui-auth:6.2.0] AndroidManifest.xml:18:13-66
88        <meta-data
88-->[com.firebaseui:firebase-ui-auth:6.2.0] AndroidManifest.xml:19:9-21:63
89            android:name="com.facebook.sdk.ApplicationId"
89-->[com.firebaseui:firebase-ui-auth:6.2.0] AndroidManifest.xml:20:13-58
90            android:value="@string/facebook_application_id" />
90-->[com.firebaseui:firebase-ui-auth:6.2.0] AndroidManifest.xml:21:13-60
91
92        <activity
92-->[com.firebaseui:firebase-ui-auth:6.2.0] AndroidManifest.xml:23:9-27:61
93            android:name="com.firebase.ui.auth.KickoffActivity"
93-->[com.firebaseui:firebase-ui-auth:6.2.0] AndroidManifest.xml:24:13-64
94            android:exported="false"
94-->[com.firebaseui:firebase-ui-auth:6.2.0] AndroidManifest.xml:25:13-37
95            android:label=""
95-->[com.firebaseui:firebase-ui-auth:6.2.0] AndroidManifest.xml:26:13-29
96            android:theme="@style/FirebaseUI.Transparent" />
96-->[com.firebaseui:firebase-ui-auth:6.2.0] AndroidManifest.xml:27:13-58
97        <activity
97-->[com.firebaseui:firebase-ui-auth:6.2.0] AndroidManifest.xml:28:9-32:61
98            android:name="com.firebase.ui.auth.ui.idp.SingleSignInActivity"
98-->[com.firebaseui:firebase-ui-auth:6.2.0] AndroidManifest.xml:29:13-76
99            android:exported="false"
99-->[com.firebaseui:firebase-ui-auth:6.2.0] AndroidManifest.xml:30:13-37
100            android:label=""
100-->[com.firebaseui:firebase-ui-auth:6.2.0] AndroidManifest.xml:31:13-29
101            android:theme="@style/FirebaseUI.Transparent" />
101-->[com.firebaseui:firebase-ui-auth:6.2.0] AndroidManifest.xml:32:13-58
102        <activity
102-->[com.firebaseui:firebase-ui-auth:6.2.0] AndroidManifest.xml:33:9-37:61
103            android:name="com.firebase.ui.auth.ui.credentials.CredentialSaveActivity"
103-->[com.firebaseui:firebase-ui-auth:6.2.0] AndroidManifest.xml:34:13-86
104            android:exported="false"
104-->[com.firebaseui:firebase-ui-auth:6.2.0] AndroidManifest.xml:35:13-37
105            android:label=""
105-->[com.firebaseui:firebase-ui-auth:6.2.0] AndroidManifest.xml:36:13-29
106            android:theme="@style/FirebaseUI.Transparent" />
106-->[com.firebaseui:firebase-ui-auth:6.2.0] AndroidManifest.xml:37:13-58
107        <activity
107-->[com.firebaseui:firebase-ui-auth:6.2.0] AndroidManifest.xml:38:9-42:58
108            android:name="com.firebase.ui.auth.ui.email.RecoverPasswordActivity"
108-->[com.firebaseui:firebase-ui-auth:6.2.0] AndroidManifest.xml:39:13-81
109            android:exported="false"
109-->[com.firebaseui:firebase-ui-auth:6.2.0] AndroidManifest.xml:40:13-37
110            android:label="@string/fui_title_recover_password_activity"
110-->[com.firebaseui:firebase-ui-auth:6.2.0] AndroidManifest.xml:41:13-72
111            android:windowSoftInputMode="adjustResize" />
111-->[com.firebaseui:firebase-ui-auth:6.2.0] AndroidManifest.xml:42:13-55
112        <activity
112-->[com.firebaseui:firebase-ui-auth:6.2.0] AndroidManifest.xml:43:9-47:58
113            android:name="com.firebase.ui.auth.ui.email.EmailActivity"
113-->[com.firebaseui:firebase-ui-auth:6.2.0] AndroidManifest.xml:44:13-71
114            android:exported="false"
114-->[com.firebaseui:firebase-ui-auth:6.2.0] AndroidManifest.xml:45:13-37
115            android:label="@string/fui_sign_in_default"
115-->[com.firebaseui:firebase-ui-auth:6.2.0] AndroidManifest.xml:46:13-56
116            android:windowSoftInputMode="adjustResize" />
116-->[com.firebaseui:firebase-ui-auth:6.2.0] AndroidManifest.xml:47:13-55
117        <activity
117-->[com.firebaseui:firebase-ui-auth:6.2.0] AndroidManifest.xml:48:9-52:77
118            android:name="com.firebase.ui.auth.ui.phone.PhoneActivity"
118-->[com.firebaseui:firebase-ui-auth:6.2.0] AndroidManifest.xml:49:13-71
119            android:exported="false"
119-->[com.firebaseui:firebase-ui-auth:6.2.0] AndroidManifest.xml:50:13-37
120            android:label="@string/fui_sign_in_with_phone_number"
120-->[com.firebaseui:firebase-ui-auth:6.2.0] AndroidManifest.xml:51:13-66
121            android:windowSoftInputMode="adjustResize|stateAlwaysVisible" />
121-->[com.firebaseui:firebase-ui-auth:6.2.0] AndroidManifest.xml:52:13-74
122        <activity
122-->[com.firebaseui:firebase-ui-auth:6.2.0] AndroidManifest.xml:53:9-57:58
123            android:name="com.firebase.ui.auth.ui.idp.WelcomeBackIdpPrompt"
123-->[com.firebaseui:firebase-ui-auth:6.2.0] AndroidManifest.xml:54:13-76
124            android:exported="false"
124-->[com.firebaseui:firebase-ui-auth:6.2.0] AndroidManifest.xml:55:13-37
125            android:label="@string/fui_title_welcome_back_idp_prompt"
125-->[com.firebaseui:firebase-ui-auth:6.2.0] AndroidManifest.xml:56:13-70
126            android:windowSoftInputMode="adjustResize" />
126-->[com.firebaseui:firebase-ui-auth:6.2.0] AndroidManifest.xml:57:13-55
127        <activity
127-->[com.firebaseui:firebase-ui-auth:6.2.0] AndroidManifest.xml:58:9-62:58
128            android:name="com.firebase.ui.auth.ui.email.WelcomeBackPasswordPrompt"
128-->[com.firebaseui:firebase-ui-auth:6.2.0] AndroidManifest.xml:59:13-83
129            android:exported="false"
129-->[com.firebaseui:firebase-ui-auth:6.2.0] AndroidManifest.xml:60:13-37
130            android:label="@string/fui_title_welcome_back_password_prompt"
130-->[com.firebaseui:firebase-ui-auth:6.2.0] AndroidManifest.xml:61:13-75
131            android:windowSoftInputMode="adjustResize" />
131-->[com.firebaseui:firebase-ui-auth:6.2.0] AndroidManifest.xml:62:13-55
132        <activity
132-->[com.firebaseui:firebase-ui-auth:6.2.0] AndroidManifest.xml:63:9-67:58
133            android:name="com.firebase.ui.auth.ui.email.WelcomeBackEmailLinkPrompt"
133-->[com.firebaseui:firebase-ui-auth:6.2.0] AndroidManifest.xml:64:13-84
134            android:exported="false"
134-->[com.firebaseui:firebase-ui-auth:6.2.0] AndroidManifest.xml:65:13-37
135            android:label="@string/fui_title_welcome_back_password_prompt"
135-->[com.firebaseui:firebase-ui-auth:6.2.0] AndroidManifest.xml:66:13-75
136            android:windowSoftInputMode="adjustResize" />
136-->[com.firebaseui:firebase-ui-auth:6.2.0] AndroidManifest.xml:67:13-55
137        <activity
137-->[com.firebaseui:firebase-ui-auth:6.2.0] AndroidManifest.xml:68:9-73:58
138            android:name="com.firebase.ui.auth.ui.email.EmailLinkCatcherActivity"
138-->[com.firebaseui:firebase-ui-auth:6.2.0] AndroidManifest.xml:69:13-82
139            android:exported="false"
139-->[com.firebaseui:firebase-ui-auth:6.2.0] AndroidManifest.xml:70:13-37
140            android:label=""
140-->[com.firebaseui:firebase-ui-auth:6.2.0] AndroidManifest.xml:71:13-29
141            android:theme="@style/FirebaseUI.Transparent"
141-->[com.firebaseui:firebase-ui-auth:6.2.0] AndroidManifest.xml:72:13-58
142            android:windowSoftInputMode="adjustResize" />
142-->[com.firebaseui:firebase-ui-auth:6.2.0] AndroidManifest.xml:73:13-55
143        <activity
143-->[com.firebaseui:firebase-ui-auth:6.2.0] AndroidManifest.xml:74:9-78:58
144            android:name="com.firebase.ui.auth.ui.email.EmailLinkErrorRecoveryActivity"
144-->[com.firebaseui:firebase-ui-auth:6.2.0] AndroidManifest.xml:75:13-88
145            android:exported="false"
145-->[com.firebaseui:firebase-ui-auth:6.2.0] AndroidManifest.xml:76:13-37
146            android:label="@string/fui_sign_in_default"
146-->[com.firebaseui:firebase-ui-auth:6.2.0] AndroidManifest.xml:77:13-56
147            android:windowSoftInputMode="adjustResize" />
147-->[com.firebaseui:firebase-ui-auth:6.2.0] AndroidManifest.xml:78:13-55
148        <activity
148-->[com.firebaseui:firebase-ui-auth:6.2.0] AndroidManifest.xml:79:9-82:65
149            android:name="com.firebase.ui.auth.ui.idp.AuthMethodPickerActivity"
149-->[com.firebaseui:firebase-ui-auth:6.2.0] AndroidManifest.xml:80:13-80
150            android:exported="false"
150-->[com.firebaseui:firebase-ui-auth:6.2.0] AndroidManifest.xml:81:13-37
151            android:label="@string/fui_default_toolbar_title" />
151-->[com.firebaseui:firebase-ui-auth:6.2.0] AndroidManifest.xml:82:13-62
152        <activity
152-->[com.firebaseui:firebase-ui-auth:6.2.0] AndroidManifest.xml:83:9-87:48
153            android:name="com.facebook.FacebookActivity"
153-->[com.firebaseui:firebase-ui-auth:6.2.0] AndroidManifest.xml:84:13-57
154            android:configChanges="keyboard|keyboardHidden|screenLayout|screenSize|orientation"
154-->[com.firebaseui:firebase-ui-auth:6.2.0] AndroidManifest.xml:85:13-96
155            android:label="@string/app_name" />
155-->[com.firebaseui:firebase-ui-auth:6.2.0] AndroidManifest.xml:86:13-45
156        <activity
156-->[com.firebaseui:firebase-ui-auth:6.2.0] AndroidManifest.xml:88:9-100:20
157            android:name="com.facebook.CustomTabActivity"
157-->[com.firebaseui:firebase-ui-auth:6.2.0] AndroidManifest.xml:89:13-58
158            android:exported="true" >
158-->[com.firebaseui:firebase-ui-auth:6.2.0] AndroidManifest.xml:90:13-36
159            <intent-filter>
159-->[com.firebaseui:firebase-ui-auth:6.2.0] AndroidManifest.xml:92:13-99:29
160                <action android:name="android.intent.action.VIEW" />
160-->[com.firebaseui:firebase-ui-auth:6.2.0] AndroidManifest.xml:93:17-69
160-->[com.firebaseui:firebase-ui-auth:6.2.0] AndroidManifest.xml:93:25-66
161
162                <category android:name="android.intent.category.DEFAULT" />
162-->[com.firebaseui:firebase-ui-auth:6.2.0] AndroidManifest.xml:95:17-76
162-->[com.firebaseui:firebase-ui-auth:6.2.0] AndroidManifest.xml:95:27-73
163                <category android:name="android.intent.category.BROWSABLE" />
163-->[com.firebaseui:firebase-ui-auth:6.2.0] AndroidManifest.xml:96:17-78
163-->[com.firebaseui:firebase-ui-auth:6.2.0] AndroidManifest.xml:96:27-75
164
165                <data android:scheme="@string/facebook_login_protocol_scheme" />
165-->[com.firebaseui:firebase-ui-auth:6.2.0] AndroidManifest.xml:98:17-81
165-->[com.firebaseui:firebase-ui-auth:6.2.0] AndroidManifest.xml:98:23-78
166            </intent-filter>
167        </activity>
168
169        <provider
169-->[com.firebaseui:firebase-ui-auth:6.2.0] AndroidManifest.xml:102:9-106:38
170            android:name="com.firebase.ui.auth.data.client.AuthUiInitProvider"
170-->[com.firebaseui:firebase-ui-auth:6.2.0] AndroidManifest.xml:103:13-79
171            android:authorities="com.example.hospital.authuiinitprovider"
171-->[com.firebaseui:firebase-ui-auth:6.2.0] AndroidManifest.xml:104:13-70
172            android:exported="false"
172-->[com.firebaseui:firebase-ui-auth:6.2.0] AndroidManifest.xml:105:13-37
173            android:initOrder="90" />
173-->[com.firebaseui:firebase-ui-auth:6.2.0] AndroidManifest.xml:106:13-35
174
175        <service
175-->[com.google.firebase:firebase-database:19.3.1] AndroidManifest.xml:29:9-35:19
176            android:name="com.google.firebase.components.ComponentDiscoveryService"
176-->[com.google.firebase:firebase-database:19.3.1] AndroidManifest.xml:30:13-84
177            android:directBootAware="true"
177-->[com.google.firebase:firebase-common:19.3.0] AndroidManifest.xml:34:13-43
178            android:exported="false" >
178-->[com.google.firebase:firebase-database:19.3.1] AndroidManifest.xml:31:13-37
179            <meta-data
179-->[com.google.firebase:firebase-database:19.3.1] AndroidManifest.xml:32:13-34:85
180                android:name="com.google.firebase.components:com.google.firebase.database.DatabaseRegistrar"
180-->[com.google.firebase:firebase-database:19.3.1] AndroidManifest.xml:33:17-109
181                android:value="com.google.firebase.components.ComponentRegistrar" />
181-->[com.google.firebase:firebase-database:19.3.1] AndroidManifest.xml:34:17-82
182            <meta-data
182-->[com.google.firebase:firebase-auth:19.3.1] AndroidManifest.xml:36:13-38:85
183                android:name="com.google.firebase.components:com.google.firebase.auth.FirebaseAuthRegistrar"
183-->[com.google.firebase:firebase-auth:19.3.1] AndroidManifest.xml:37:17-109
184                android:value="com.google.firebase.components.ComponentRegistrar" />
184-->[com.google.firebase:firebase-auth:19.3.1] AndroidManifest.xml:38:17-82
185            <meta-data
185-->[com.google.firebase:firebase-storage:19.1.1] AndroidManifest.xml:33:13-35:85
186                android:name="com.google.firebase.components:com.google.firebase.storage.StorageRegistrar"
186-->[com.google.firebase:firebase-storage:19.1.1] AndroidManifest.xml:34:17-107
187                android:value="com.google.firebase.components.ComponentRegistrar" />
187-->[com.google.firebase:firebase-storage:19.1.1] AndroidManifest.xml:35:17-82
188        </service>
189
190        <activity
190-->[com.google.firebase:firebase-auth:19.3.1] AndroidManifest.xml:24:9-31:50
191            android:name="com.google.firebase.auth.internal.FederatedSignInActivity"
191-->[com.google.firebase:firebase-auth:19.3.1] AndroidManifest.xml:25:13-85
192            android:excludeFromRecents="true"
192-->[com.google.firebase:firebase-auth:19.3.1] AndroidManifest.xml:26:13-46
193            android:exported="true"
193-->[com.google.firebase:firebase-auth:19.3.1] AndroidManifest.xml:27:13-36
194            android:launchMode="singleTask"
194-->[com.google.firebase:firebase-auth:19.3.1] AndroidManifest.xml:28:13-44
195            android:permission="com.google.firebase.auth.api.gms.permission.LAUNCH_FEDERATED_SIGN_IN"
195-->[com.google.firebase:firebase-auth:19.3.1] AndroidManifest.xml:29:13-102
196            android:theme="@android:style/Theme.Translucent.NoTitleBar" />
196-->[com.google.firebase:firebase-auth:19.3.1] AndroidManifest.xml:30:13-72
197
198        <provider
198-->[com.squareup.picasso:picasso:2.71828] AndroidManifest.xml:8:9-11:40
199            android:name="com.squareup.picasso.PicassoProvider"
199-->[com.squareup.picasso:picasso:2.71828] AndroidManifest.xml:9:13-64
200            android:authorities="com.example.hospital.com.squareup.picasso"
200-->[com.squareup.picasso:picasso:2.71828] AndroidManifest.xml:10:13-72
201            android:exported="false" />
201-->[com.squareup.picasso:picasso:2.71828] AndroidManifest.xml:11:13-37
202
203        <activity
203-->[com.google.android.gms:play-services-auth:17.0.0] AndroidManifest.xml:23:9-27:75
204            android:name="com.google.android.gms.auth.api.signin.internal.SignInHubActivity"
204-->[com.google.android.gms:play-services-auth:17.0.0] AndroidManifest.xml:24:13-93
205            android:excludeFromRecents="true"
205-->[com.google.android.gms:play-services-auth:17.0.0] AndroidManifest.xml:25:13-46
206            android:exported="false"
206-->[com.google.android.gms:play-services-auth:17.0.0] AndroidManifest.xml:26:13-37
207            android:theme="@android:style/Theme.Translucent.NoTitleBar" />
207-->[com.google.android.gms:play-services-auth:17.0.0] AndroidManifest.xml:27:13-72
208        <!--
209            Service handling Google Sign-In user revocation. For apps that do not integrate with
210            Google Sign-In, this service will never be started.
211        -->
212        <service
212-->[com.google.android.gms:play-services-auth:17.0.0] AndroidManifest.xml:33:9-36:110
213            android:name="com.google.android.gms.auth.api.signin.RevocationBoundService"
213-->[com.google.android.gms:play-services-auth:17.0.0] AndroidManifest.xml:34:13-89
214            android:exported="true"
214-->[com.google.android.gms:play-services-auth:17.0.0] AndroidManifest.xml:35:13-36
215            android:permission="com.google.android.gms.auth.api.signin.permission.REVOCATION_NOTIFICATION" />
215-->[com.google.android.gms:play-services-auth:17.0.0] AndroidManifest.xml:36:13-107
216
217        <provider
217-->[com.google.firebase:firebase-common:19.3.0] AndroidManifest.xml:26:9-30:39
218            android:name="com.google.firebase.provider.FirebaseInitProvider"
218-->[com.google.firebase:firebase-common:19.3.0] AndroidManifest.xml:27:13-77
219            android:authorities="com.example.hospital.firebaseinitprovider"
219-->[com.google.firebase:firebase-common:19.3.0] AndroidManifest.xml:28:13-72
220            android:exported="false"
220-->[com.google.firebase:firebase-common:19.3.0] AndroidManifest.xml:29:13-37
221            android:initOrder="100" />
221-->[com.google.firebase:firebase-common:19.3.0] AndroidManifest.xml:30:13-36
222
223        <activity
223-->[com.google.android.gms:play-services-base:17.1.0] AndroidManifest.xml:23:9-26:75
224            android:name="com.google.android.gms.common.api.GoogleApiActivity"
224-->[com.google.android.gms:play-services-base:17.1.0] AndroidManifest.xml:24:13-79
225            android:exported="false"
225-->[com.google.android.gms:play-services-base:17.1.0] AndroidManifest.xml:25:13-37
226            android:theme="@android:style/Theme.Translucent.NoTitleBar" />
226-->[com.google.android.gms:play-services-base:17.1.0] AndroidManifest.xml:26:13-72
227
228        <provider
228-->[androidx.lifecycle:lifecycle-process:2.1.0] AndroidManifest.xml:23:9-27:43
229            android:name="androidx.lifecycle.ProcessLifecycleOwnerInitializer"
229-->[androidx.lifecycle:lifecycle-process:2.1.0] AndroidManifest.xml:24:13-79
230            android:authorities="com.example.hospital.lifecycle-process"
230-->[androidx.lifecycle:lifecycle-process:2.1.0] AndroidManifest.xml:25:13-69
231            android:exported="false"
231-->[androidx.lifecycle:lifecycle-process:2.1.0] AndroidManifest.xml:26:13-37
232            android:multiprocess="true" />
232-->[androidx.lifecycle:lifecycle-process:2.1.0] AndroidManifest.xml:27:13-40
233    </application>
234
235</manifest>